5.6358 	WARNING 	User requested fullscreen with size [1024  768], but screen is actually [1920, 1080]. Using actual size
6.1253 	EXP 	Created window1 = Window(allowGUI=True, allowStencil=False, autoLog=True, backendConf=UNKNOWN, backgroundFit=<method-wrapper '__getattribute__' of attributeSetter object at 0x000001CD403EFC70>, backgroundImage=<method-wrapper '__getattribute__' of attributeSetter object at 0x000001CD403EFC10>, bitsMode=UNKNOWN, blendMode='avg', bpc=(8, 8, 8), color=array([0, 0, 0]), colorSpace='rgb', depthBits=8, fullscr=<method-wrapper '__getattribute__' of attributeSetter object at 0x000001CD403EFA60>, gamma=None, gammaErrorPolicy='raise', lms=UNKNOWN, monitor=<psychopy.monitors.calibTools.Monitor object at 0x000001CD4092F730>, multiSample=False, name='window1', numSamples=2, pos=(0, 0), screen=0, size=array([1920, 1080]), stencilBits=0, stereo=False, title='PsychoPy', units='height', useFBO=True, useRetina=False, viewOri=0.0, viewPos=None, viewScale=None, waitBlanking=True, winType='pyglet')
6.1254 	EXP 	window1: mouseVisible = True
6.1254 	EXP 	window1: backgroundImage = ''
6.1255 	EXP 	window1: backgroundFit = 'none'
6.1269 	EXP 	window1: Attempting to measure frame rate of screen (0) ...
6.1269 	EXP 	window1: recordFrameIntervals = False
6.1941 	EXP 	window1: recordFrameIntervals = True
6.2708 	EXP 	Screen (0) actual frame rate measured at 143.17Hz
6.2708 	EXP 	window1: recordFrameIntervals = False
6.2710 	EXP 	window1: mouseVisible = False
8.3467 	EXP 	Embody_only_20240120_psychopy202225: status = STARTED
8.3470 	EXP 	window1: mouseVisible = True
8.3817 	EXP 	Created body_image_3 = ImageStim(__class__=<class 'psychopy.visual.image.ImageStim'>, anchor=('center', 'center'), autoLog=True, color=array([1., 1., 1.]), colorSpace='rgb', contrast=1.0, depth=0.0, draggable=False, flipHoriz=False, flipVert=False, image='base.png', interpolate=True, mask=None, maskParams=None, name='body_image_3', opacity=1.0, ori=0.0, pos=array([0., 0.]), size=array([1., 1.]), texRes=128, units='height', win=Window(...))
8.3818 	EXP 	window1: mouseVisible = True
8.3820 	EXP 	window1: mouseVisible = True
8.4263 	EXP 	Created lt_text_body_3 = TextStim(__class__=<class 'psychopy.visual.text.TextStim'>, alignHoriz=method-wrapper(...), alignText='center', alignVert=method-wrapper(...), anchorHoriz='center', anchorVert='center', antialias=True, autoDraw=False, autoLog=True, bold=False, color=array([-1., -1., -1.]), colorSpace='rgb', contrast=1.0, depth=-4.0, draggable=False, flipHoriz=False, flipVert=False, font='Arial', fontFiles=[], height=0.025, italic=False, languageStyle='LTR', name='lt_text_body_3', opacity=1.0, ori=0, pos=array([-0.33, -0.45]), rgb=UNKNOWN, text=str(...), units='height', win=Window(...), wrapWidth=1)
8.4264 	EXP 	window1: mouseVisible = True
8.4300 	EXP 	Created rt_text_body_3 = TextStim(__class__=<class 'psychopy.visual.text.TextStim'>, alignHoriz=method-wrapper(...), alignText='center', alignVert=method-wrapper(...), anchorHoriz='center', anchorVert='center', antialias=True, autoDraw=False, autoLog=True, bold=False, color=array([-1., -1., -1.]), colorSpace='rgb', contrast=1.0, depth=-5.0, draggable=False, flipHoriz=False, flipVert=False, font='Arial', fontFiles=[], height=0.025, italic=False, languageStyle='LTR', name='rt_text_body_3', opacity=1.0, ori=0, pos=array([ 0.33, -0.45]), rgb=UNKNOWN, text=str(...), units='height', win=Window(...), wrapWidth=1)
8.4301 	EXP 	window1: mouseVisible = True
8.4422 	EXP 	Created body_explanation_3 = TextStim(__class__=<class 'psychopy.visual.text.TextStim'>, alignHoriz=method-wrapper(...), alignText='center', alignVert=method-wrapper(...), anchorHoriz='center', anchorVert='center', antialias=True, autoDraw=False, autoLog=True, bold=False, color=array([-1., -1., -1.]), colorSpace='rgb', contrast=1.0, depth=-6.0, draggable=False, flipHoriz=False, flipVert=False, font='Arial', fontFiles=[], height=0.03, italic=False, languageStyle='LTR', name='body_explanation_3', opacity=1.0, ori=0, pos=array([0. , 0.2]), rgb=UNKNOWN, text=str(...), units='height', win=Window(...), wrapWidth=1)
8.4423 	EXP 	window1: mouseVisible = True
8.4523 	EXP 	Created body_progress_3 = TextStim(__class__=<class 'psychopy.visual.text.TextStim'>, alignHoriz=method-wrapper(...), alignText='center', alignVert=method-wrapper(...), anchorHoriz='center', anchorVert='center', antialias=True, autoDraw=False, autoLog=True, bold=False, color=array([-1., -1., -1.]), colorSpace='rgb', contrast=1.0, depth=-7.0, draggable=False, flipHoriz=False, flipVert=False, font='Arial', fontFiles=[], height=0.02, italic=False, languageStyle='LTR', name='body_progress_3', opacity=1.0, ori=0, pos=array([ 0. , -0.1]), rgb=UNKNOWN, text="Press 'Enter' to go to the next page", units='height', win=Window(...), wrapWidth=1)
8.4524 	EXP 	window1: mouseVisible = True
8.4532 	EXP 	Created reset_rect_3 = Rect(__class__=<class 'psychopy.visual.rect.Rect'>, anchor=('center', 'center'), autoDraw=False, autoLog=True, closeShape=True, color=method-wrapper(...), colorSpace='rgb', contrast=None, depth=-8.0, draggable=False, fillColor=array([1, 1, 0]), fillColorSpace='rgb', fillRGB=array([1, 1, 0]), interpolate=True, lineColor=array([-1., -1., -1.]), lineColorSpace='rgb', lineRGB=array([-1, -1, -1]), lineWidth=5, name='reset_rect_3', opacity=1.0, ori=0.0, pos=array([ 0. , -0.4]), size=array([0.1 , 0.05]), units='height', vertices=ndarray(...), win=Window(...))
8.4533 	EXP 	window1: mouseVisible = True
8.4567 	EXP 	Created reset_text_3 = TextStim(__class__=<class 'psychopy.visual.text.TextStim'>, alignHoriz=method-wrapper(...), alignText='center', alignVert=method-wrapper(...), anchorHoriz='center', anchorVert='center', antialias=True, autoDraw=False, autoLog=True, bold=False, color=array([-1., -1., -1.]), colorSpace='rgb', contrast=1.0, depth=-9.0, draggable=False, flipHoriz=False, flipVert=False, font='Arial', fontFiles=[], height=0.02, italic=False, languageStyle='LTR', name='reset_text_3', opacity=1.0, ori=0, pos=array([ 0. , -0.4]), rgb=UNKNOWN, text='RESET', units='height', win=Window(...), wrapWidth=1)
8.4568 	EXP 	window1: mouseVisible = True
8.4579 	EXP 	Created feeling_words = TextStim(__class__=<class 'psychopy.visual.text.TextStim'>, alignHoriz=method-wrapper(...), alignText='center', alignVert=method-wrapper(...), anchorHoriz='center', anchorVert='center', antialias=True, autoDraw=False, autoLog=True, bold=False, color=array([-1., -1., -1.]), colorSpace='rgb', contrast=1.0, depth=-10.0, draggable=False, flipHoriz=False, flipVert=False, font='Arial', fontFiles=[], height=0.1, italic=False, languageStyle='LTR', name='feeling_words', opacity=1.0, ori=0, pos=array([0., 0.]), rgb=UNKNOWN, text='', units='height', win=Window(...), wrapWidth=1)
0.0005 	DATA 	Mouse: Left button down, pos=(689,580)
0.0008 	DATA 	Mouse:  Left button up, pos=(689,580)
0.0129 	EXP 	Imported feel_word_list.xlsx as conditions, 11 conditions, 1 params
0.0133 	EXP 	Created sequence: random, trialTypes=11, nReps=1, seed=None
0.0134 	EXP 	New trial (rep=0, index=0): {'feel_word': 'Shame'}
0.0467 	EXP 	feeling_words: height = 0.1
0.0467 	EXP 	feeling_words: height = 0.1
0.0467 	EXP 	feeling_words: height = 0.1
0.0467 	EXP 	feeling_words: text = 'Shame'
0.0467 	EXP 	body_image_3: autoDraw = True
0.0467 	EXP 	lt_text_body_3: autoDraw = True
0.0467 	EXP 	rt_text_body_3: autoDraw = True
0.0467 	EXP 	body_explanation_3: autoDraw = True
0.0467 	EXP 	body_progress_3: autoDraw = True
0.0467 	EXP 	reset_rect_3: autoDraw = True
0.0467 	EXP 	reset_text_3: autoDraw = True
0.0467 	EXP 	feeling_words: autoDraw = True
3.1308 	DATA 	Mouse: Left button down, pos=(946,106)
3.3151 	DATA 	Mouse:  Left button up, pos=(946,106)
4.5915 	DATA 	Mouse: Left button down, pos=(1269,748)
5.2763 	DATA 	Mouse:  Left button up, pos=(1272,841)
6.0297 	DATA 	Keypress: right
7.2253 	DATA 	Keypress: return
7.2266 	EXP 	New trial (rep=0, index=1): {'feel_word': 'Panic'}
7.2433 	EXP 	body_image_3: autoDraw = False
7.2433 	EXP 	lt_text_body_3: autoDraw = False
7.2433 	EXP 	rt_text_body_3: autoDraw = False
7.2433 	EXP 	body_explanation_3: autoDraw = False
7.2433 	EXP 	body_progress_3: autoDraw = False
7.2433 	EXP 	reset_rect_3: autoDraw = False
7.2433 	EXP 	reset_text_3: autoDraw = False
7.2433 	EXP 	feeling_words: autoDraw = False
7.2433 	EXP 	feeling_words: height = 0.1
7.2433 	EXP 	feeling_words: height = 0.1
7.2433 	EXP 	feeling_words: height = 0.1
7.2433 	EXP 	feeling_words: text = 'Panic'
7.2433 	EXP 	body_image_3: autoDraw = True
7.2433 	EXP 	lt_text_body_3: autoDraw = True
7.2433 	EXP 	rt_text_body_3: autoDraw = True
7.2433 	EXP 	body_explanation_3: autoDraw = True
7.2433 	EXP 	body_progress_3: autoDraw = True
7.2433 	EXP 	reset_rect_3: autoDraw = True
7.2433 	EXP 	reset_text_3: autoDraw = True
7.2433 	EXP 	feeling_words: autoDraw = True
8.8689 	DATA 	Keypress: return
8.8702 	EXP 	New trial (rep=0, index=2): {'feel_word': 'Anger'}
8.8791 	EXP 	body_image_3: autoDraw = False
8.8791 	EXP 	lt_text_body_3: autoDraw = False
8.8791 	EXP 	rt_text_body_3: autoDraw = False
8.8791 	EXP 	body_explanation_3: autoDraw = False
8.8791 	EXP 	body_progress_3: autoDraw = False
8.8791 	EXP 	reset_rect_3: autoDraw = False
8.8791 	EXP 	reset_text_3: autoDraw = False
8.8791 	EXP 	feeling_words: autoDraw = False
8.8791 	EXP 	feeling_words: height = 0.1
8.8791 	EXP 	feeling_words: height = 0.1
8.8791 	EXP 	feeling_words: height = 0.1
8.8791 	EXP 	feeling_words: text = 'Anger'
8.8791 	EXP 	body_image_3: autoDraw = True
8.8791 	EXP 	lt_text_body_3: autoDraw = True
8.8791 	EXP 	rt_text_body_3: autoDraw = True
8.8791 	EXP 	body_explanation_3: autoDraw = True
8.8791 	EXP 	body_progress_3: autoDraw = True
8.8791 	EXP 	reset_rect_3: autoDraw = True
8.8791 	EXP 	reset_text_3: autoDraw = True
8.8791 	EXP 	feeling_words: autoDraw = True
14.0327 	DATA 	Keypress: return
14.0372 	EXP 	New trial (rep=0, index=3): {'feel_word': 'Anxiety'}
14.0460 	EXP 	body_image_3: autoDraw = False
14.0460 	EXP 	lt_text_body_3: autoDraw = False
14.0460 	EXP 	rt_text_body_3: autoDraw = False
14.0460 	EXP 	body_explanation_3: autoDraw = False
14.0460 	EXP 	body_progress_3: autoDraw = False
14.0460 	EXP 	reset_rect_3: autoDraw = False
14.0460 	EXP 	reset_text_3: autoDraw = False
14.0460 	EXP 	feeling_words: autoDraw = False
14.0460 	EXP 	feeling_words: height = 0.1
14.0460 	EXP 	feeling_words: height = 0.1
14.0460 	EXP 	feeling_words: height = 0.1
14.0460 	EXP 	feeling_words: text = 'Anxiety'
14.0460 	EXP 	body_image_3: autoDraw = True
14.0460 	EXP 	lt_text_body_3: autoDraw = True
14.0460 	EXP 	rt_text_body_3: autoDraw = True
14.0460 	EXP 	body_explanation_3: autoDraw = True
14.0460 	EXP 	body_progress_3: autoDraw = True
14.0460 	EXP 	reset_rect_3: autoDraw = True
14.0460 	EXP 	reset_text_3: autoDraw = True
14.0460 	EXP 	feeling_words: autoDraw = True
15.1140 	DATA 	Mouse: Left button down, pos=(1285,780)
16.0590 	DATA 	Mouse:  Left button up, pos=(1298,877)
16.0797 	DATA 	Mouse: Left button down, pos=(1298,877)
16.3824 	DATA 	Mouse:  Left button up, pos=(1260,533)
17.3136 	DATA 	Mouse: Left button down, pos=(936,128)
17.4733 	DATA 	Mouse:  Left button up, pos=(937,120)
18.2673 	DATA 	Mouse: Left button down, pos=(1366,774)
18.8028 	DATA 	Mouse:  Left button up, pos=(1309,570)
18.8164 	DATA 	Mouse: Left button down, pos=(1309,570)
19.0119 	DATA 	Mouse:  Left button up, pos=(1186,209)
19.7282 	DATA 	Mouse: Left button down, pos=(953,95)
19.8354 	DATA 	Mouse:  Left button up, pos=(953,95)
19.9462 	DATA 	Mouse: Left button down, pos=(953,95)
20.0059 	DATA 	Mouse:  Left button up, pos=(953,95)
20.2311 	DATA 	Mouse: Left button down, pos=(953,95)
20.3493 	DATA 	Mouse:  Left button up, pos=(953,95)
20.5689 	DATA 	Mouse: Left button down, pos=(953,97)
20.6939 	DATA 	Mouse:  Left button up, pos=(953,97)
20.8747 	DATA 	Mouse: Left button down, pos=(954,99)
20.9939 	DATA 	Mouse:  Left button up, pos=(954,99)
22.7863 	DATA 	Keypress: left
23.0189 	DATA 	Keypress: left
23.5066 	DATA 	Keypress: return
23.5081 	EXP 	New trial (rep=0, index=4): {'feel_word': 'Neutral'}
23.5249 	EXP 	body_image_3: autoDraw = False
23.5249 	EXP 	lt_text_body_3: autoDraw = False
23.5249 	EXP 	rt_text_body_3: autoDraw = False
23.5249 	EXP 	body_explanation_3: autoDraw = False
23.5249 	EXP 	body_progress_3: autoDraw = False
23.5249 	EXP 	reset_rect_3: autoDraw = False
23.5249 	EXP 	reset_text_3: autoDraw = False
23.5249 	EXP 	feeling_words: autoDraw = False
23.5249 	EXP 	feeling_words: height = 0.1
23.5249 	EXP 	feeling_words: height = 0.1
23.5249 	EXP 	feeling_words: height = 0.1
23.5249 	EXP 	feeling_words: text = 'Neutral'
23.5249 	EXP 	body_image_3: autoDraw = True
23.5249 	EXP 	lt_text_body_3: autoDraw = True
23.5249 	EXP 	rt_text_body_3: autoDraw = True
23.5249 	EXP 	body_explanation_3: autoDraw = True
23.5249 	EXP 	body_progress_3: autoDraw = True
23.5249 	EXP 	reset_rect_3: autoDraw = True
23.5249 	EXP 	reset_text_3: autoDraw = True
23.5249 	EXP 	feeling_words: autoDraw = True
23.8260 	DATA 	Keypress: return
23.8271 	EXP 	New trial (rep=0, index=5): {'feel_word': 'Fear'}
23.8355 	EXP 	body_image_3: autoDraw = False
23.8355 	EXP 	lt_text_body_3: autoDraw = False
23.8355 	EXP 	rt_text_body_3: autoDraw = False
23.8355 	EXP 	body_explanation_3: autoDraw = False
23.8355 	EXP 	body_progress_3: autoDraw = False
23.8355 	EXP 	reset_rect_3: autoDraw = False
23.8355 	EXP 	reset_text_3: autoDraw = False
23.8355 	EXP 	feeling_words: autoDraw = False
23.8355 	EXP 	feeling_words: height = 0.1
23.8355 	EXP 	feeling_words: height = 0.1
23.8355 	EXP 	feeling_words: height = 0.1
23.8355 	EXP 	feeling_words: text = 'Fear'
23.8355 	EXP 	body_image_3: autoDraw = True
23.8355 	EXP 	lt_text_body_3: autoDraw = True
23.8355 	EXP 	rt_text_body_3: autoDraw = True
23.8355 	EXP 	body_explanation_3: autoDraw = True
23.8355 	EXP 	body_progress_3: autoDraw = True
23.8355 	EXP 	reset_rect_3: autoDraw = True
23.8355 	EXP 	reset_text_3: autoDraw = True
23.8355 	EXP 	feeling_words: autoDraw = True
24.0890 	DATA 	Keypress: return
24.0937 	EXP 	New trial (rep=0, index=6): {'feel_word': 'Sadness'}
24.1027 	EXP 	body_image_3: autoDraw = False
24.1027 	EXP 	lt_text_body_3: autoDraw = False
24.1027 	EXP 	rt_text_body_3: autoDraw = False
24.1027 	EXP 	body_explanation_3: autoDraw = False
24.1027 	EXP 	body_progress_3: autoDraw = False
24.1027 	EXP 	reset_rect_3: autoDraw = False
24.1027 	EXP 	reset_text_3: autoDraw = False
24.1027 	EXP 	feeling_words: autoDraw = False
24.1027 	EXP 	feeling_words: height = 0.1
24.1027 	EXP 	feeling_words: height = 0.1
24.1027 	EXP 	feeling_words: height = 0.1
24.1027 	EXP 	feeling_words: text = 'Sadness'
24.1027 	EXP 	body_image_3: autoDraw = True
24.1027 	EXP 	lt_text_body_3: autoDraw = True
24.1027 	EXP 	rt_text_body_3: autoDraw = True
24.1027 	EXP 	body_explanation_3: autoDraw = True
24.1027 	EXP 	body_progress_3: autoDraw = True
24.1027 	EXP 	reset_rect_3: autoDraw = True
24.1027 	EXP 	reset_text_3: autoDraw = True
24.1027 	EXP 	feeling_words: autoDraw = True
24.2732 	DATA 	Keypress: return
24.2778 	EXP 	New trial (rep=0, index=7): {'feel_word': 'Safe'}
24.2859 	EXP 	body_image_3: autoDraw = False
24.2859 	EXP 	lt_text_body_3: autoDraw = False
24.2859 	EXP 	rt_text_body_3: autoDraw = False
24.2859 	EXP 	body_explanation_3: autoDraw = False
24.2859 	EXP 	body_progress_3: autoDraw = False
24.2859 	EXP 	reset_rect_3: autoDraw = False
24.2859 	EXP 	reset_text_3: autoDraw = False
24.2859 	EXP 	feeling_words: autoDraw = False
24.2859 	EXP 	feeling_words: height = 0.1
24.2859 	EXP 	feeling_words: height = 0.1
24.2859 	EXP 	feeling_words: height = 0.1
24.2859 	EXP 	feeling_words: text = 'Safe'
24.2859 	EXP 	body_image_3: autoDraw = True
24.2859 	EXP 	lt_text_body_3: autoDraw = True
24.2859 	EXP 	rt_text_body_3: autoDraw = True
24.2859 	EXP 	body_explanation_3: autoDraw = True
24.2859 	EXP 	body_progress_3: autoDraw = True
24.2859 	EXP 	reset_rect_3: autoDraw = True
24.2859 	EXP 	reset_text_3: autoDraw = True
24.2859 	EXP 	feeling_words: autoDraw = True
24.4072 	DATA 	Keypress: return
24.4122 	EXP 	New trial (rep=0, index=8): {'feel_word': 'Surprise'}
24.4203 	EXP 	body_image_3: autoDraw = False
24.4203 	EXP 	lt_text_body_3: autoDraw = False
24.4203 	EXP 	rt_text_body_3: autoDraw = False
24.4203 	EXP 	body_explanation_3: autoDraw = False
24.4203 	EXP 	body_progress_3: autoDraw = False
24.4203 	EXP 	reset_rect_3: autoDraw = False
24.4203 	EXP 	reset_text_3: autoDraw = False
24.4203 	EXP 	feeling_words: autoDraw = False
24.4203 	EXP 	feeling_words: height = 0.1
24.4203 	EXP 	feeling_words: height = 0.1
24.4203 	EXP 	feeling_words: height = 0.1
24.4203 	EXP 	feeling_words: text = 'Surprise'
24.4203 	EXP 	body_image_3: autoDraw = True
24.4203 	EXP 	lt_text_body_3: autoDraw = True
24.4203 	EXP 	rt_text_body_3: autoDraw = True
24.4203 	EXP 	body_explanation_3: autoDraw = True
24.4203 	EXP 	body_progress_3: autoDraw = True
24.4203 	EXP 	reset_rect_3: autoDraw = True
24.4203 	EXP 	reset_text_3: autoDraw = True
24.4203 	EXP 	feeling_words: autoDraw = True
24.6986 	DATA 	Keypress: return
24.6997 	EXP 	New trial (rep=0, index=9): {'feel_word': 'Depression'}
24.7092 	EXP 	body_image_3: autoDraw = False
24.7092 	EXP 	lt_text_body_3: autoDraw = False
24.7092 	EXP 	rt_text_body_3: autoDraw = False
24.7092 	EXP 	body_explanation_3: autoDraw = False
24.7092 	EXP 	body_progress_3: autoDraw = False
24.7092 	EXP 	reset_rect_3: autoDraw = False
24.7092 	EXP 	reset_text_3: autoDraw = False
24.7092 	EXP 	feeling_words: autoDraw = False
24.7092 	EXP 	feeling_words: height = 0.1
24.7092 	EXP 	feeling_words: height = 0.1
24.7092 	EXP 	feeling_words: height = 0.1
24.7092 	EXP 	feeling_words: text = 'Depression'
24.7092 	EXP 	body_image_3: autoDraw = True
24.7092 	EXP 	lt_text_body_3: autoDraw = True
24.7092 	EXP 	rt_text_body_3: autoDraw = True
24.7092 	EXP 	body_explanation_3: autoDraw = True
24.7092 	EXP 	body_progress_3: autoDraw = True
24.7092 	EXP 	reset_rect_3: autoDraw = True
24.7092 	EXP 	reset_text_3: autoDraw = True
24.7092 	EXP 	feeling_words: autoDraw = True
25.0737 	DATA 	Keypress: return
25.0786 	EXP 	New trial (rep=0, index=10): {'feel_word': 'Happiness'}
25.0873 	EXP 	body_image_3: autoDraw = False
25.0873 	EXP 	lt_text_body_3: autoDraw = False
25.0873 	EXP 	rt_text_body_3: autoDraw = False
25.0873 	EXP 	body_explanation_3: autoDraw = False
25.0873 	EXP 	body_progress_3: autoDraw = False
25.0873 	EXP 	reset_rect_3: autoDraw = False
25.0873 	EXP 	reset_text_3: autoDraw = False
25.0873 	EXP 	feeling_words: autoDraw = False
25.0873 	EXP 	feeling_words: height = 0.1
25.0873 	EXP 	feeling_words: height = 0.1
25.0873 	EXP 	feeling_words: height = 0.1
25.0873 	EXP 	feeling_words: text = 'Happiness'
25.0873 	EXP 	body_image_3: autoDraw = True
25.0873 	EXP 	lt_text_body_3: autoDraw = True
25.0873 	EXP 	rt_text_body_3: autoDraw = True
25.0873 	EXP 	body_explanation_3: autoDraw = True
25.0873 	EXP 	body_progress_3: autoDraw = True
25.0873 	EXP 	reset_rect_3: autoDraw = True
25.0873 	EXP 	reset_text_3: autoDraw = True
25.0873 	EXP 	feeling_words: autoDraw = True
25.2892 	DATA 	Keypress: return
25.2963 	EXP 	body_image_3: autoDraw = False
25.2963 	EXP 	lt_text_body_3: autoDraw = False
25.2963 	EXP 	rt_text_body_3: autoDraw = False
25.2963 	EXP 	body_explanation_3: autoDraw = False
25.2963 	EXP 	body_progress_3: autoDraw = False
25.2963 	EXP 	reset_rect_3: autoDraw = False
25.2963 	EXP 	reset_text_3: autoDraw = False
25.2963 	EXP 	feeling_words: autoDraw = False
25.2964 	EXP 	Embody_only_20240120_psychopy202225: status = STOPPED
25.3586 	EXP 	window1: mouseVisible = True
